[debug] [2026-03-29T14:35:26.119Z] ----------------------------------------------------------------------
[debug] [2026-03-29T14:35:26.122Z] Command:       /usr/local/bin/node /usr/local/bin/firebase deploy --only functions --debug
[debug] [2026-03-29T14:35:26.122Z] CLI Version:   15.12.0
[debug] [2026-03-29T14:35:26.123Z] Platform:      linux
[debug] [2026-03-29T14:35:26.123Z] Node Version:  v20.19.5
[debug] [2026-03-29T14:35:26.123Z] Time:          Sun Mar 29 2026 16:35:26 GMT+0200 (Central European Summer Time)
[debug] [2026-03-29T14:35:26.123Z] ----------------------------------------------------------------------
[debug] 
[debug] [2026-03-29T14:35:27.191Z] Object "" in "firebase.json" has unknown property: {"additionalProperty":"flutter"}
[debug] [2026-03-29T14:35:27.196Z] > command requires scopes: ["email","openid","https://www.googleapis.com/auth/cloudplatformprojects.readonly","https://www.googleapis.com/auth/firebase","https://www.googleapis.com/auth/cloud-platform"]
[debug] [2026-03-29T14:35:27.196Z] > authorizing via signed-in user (hwb33studentvillage@gmail.com)
[debug] [2026-03-29T14:35:27.197Z] [iam] checking project flatorg-61826 for permissions ["cloudfunctions.functions.create","cloudfunctions.functions.delete","cloudfunctions.functions.get","cloudfunctions.functions.list","cloudfunctions.functions.update","cloudfunctions.operations.get","firebase.projects.get"]
[debug] [2026-03-29T14:35:27.198Z] Checked if tokens are valid: true, expires at: 1774796134800
[debug] [2026-03-29T14:35:27.199Z] Checked if tokens are valid: true, expires at: 1774796134800
[debug] [2026-03-29T14:35:27.200Z] >>> [apiv2][query] POST https://cloudresourcemanager.googleapis.com/v1/projects/flatorg-61826:testIamPermissions [none]
[debug] [2026-03-29T14:35:27.200Z] >>> [apiv2][(partial)header] POST https://cloudresourcemanager.googleapis.com/v1/projects/flatorg-61826:testIamPermissions  x-goog-user-project=flatorg-61826
[debug] [2026-03-29T14:35:27.201Z] >>> [apiv2][body] POST https://cloudresourcemanager.googleapis.com/v1/projects/flatorg-61826:testIamPermissions {"permissions":["cloudfunctions.functions.create","cloudfunctions.functions.delete","cloudfunctions.functions.get","cloudfunctions.functions.list","cloudfunctions.functions.update","cloudfunctions.operations.get","firebase.projects.get"]}
[debug] [2026-03-29T14:35:27.450Z] <<< [apiv2][status] POST https://cloudresourcemanager.googleapis.com/v1/projects/flatorg-61826:testIamPermissions 200
[debug] [2026-03-29T14:35:27.450Z] <<< [apiv2][body] POST https://cloudresourcemanager.googleapis.com/v1/projects/flatorg-61826:testIamPermissions {"permissions":["cloudfunctions.functions.create","cloudfunctions.functions.delete","cloudfunctions.functions.get","cloudfunctions.functions.list","cloudfunctions.functions.update","cloudfunctions.operations.get","firebase.projects.get"]}
[debug] [2026-03-29T14:35:27.451Z] Checked if tokens are valid: true, expires at: 1774796134800
[debug] [2026-03-29T14:35:27.451Z] Checked if tokens are valid: true, expires at: 1774796134800
[debug] [2026-03-29T14:35:27.451Z] >>> [apiv2][query] POST https://iam.googleapis.com/v1/projects/flatorg-61826/serviceAccounts/flatorg-61826@appspot.gserviceaccount.com:testIamPermissions [none]
[debug] [2026-03-29T14:35:27.451Z] >>> [apiv2][body] POST https://iam.googleapis.com/v1/projects/flatorg-61826/serviceAccounts/flatorg-61826@appspot.gserviceaccount.com:testIamPermissions {"permissions":["iam.serviceAccounts.actAs"]}
[debug] [2026-03-29T14:35:28.217Z] <<< [apiv2][status] POST https://iam.googleapis.com/v1/projects/flatorg-61826/serviceAccounts/flatorg-61826@appspot.gserviceaccount.com:testIamPermissions 200
[debug] [2026-03-29T14:35:28.217Z] <<< [apiv2][body] POST https://iam.googleapis.com/v1/projects/flatorg-61826/serviceAccounts/flatorg-61826@appspot.gserviceaccount.com:testIamPermissions {"permissions":["iam.serviceAccounts.actAs"]}
[info] 
[info] === Deploying to 'flatorg-61826'...
[info] 
[info] i  deploying functions 
[debug] [2026-03-29T14:35:28.221Z] Checked if tokens are valid: true, expires at: 1774796134800
[debug] [2026-03-29T14:35:28.222Z] Checked if tokens are valid: true, expires at: 1774796134800
[debug] [2026-03-29T14:35:28.222Z] >>> [apiv2][query] GET https://cloudresourcemanager.googleapis.com/v1/projects/flatorg-61826 [none]
[debug] [2026-03-29T14:35:28.391Z] <<< [apiv2][status] GET https://cloudresourcemanager.googleapis.com/v1/projects/flatorg-61826 200
[debug] [2026-03-29T14:35:28.392Z] <<< [apiv2][body] GET https://cloudresourcemanager.googleapis.com/v1/projects/flatorg-61826 {"projectNumber":"854474953690","projectId":"flatorg-61826","lifecycleState":"ACTIVE","name":"flatorg","labels":{"firebase":"enabled","firebase-core":"disabled"},"createTime":"2026-03-28T16:18:12.815Z"}
[info] i  functions: preparing codebase default for deployment 
[info] i  functions: ensuring required API cloudfunctions.googleapis.com is enabled... 
[info] i  functions: ensuring required API cloudbuild.googleapis.com is enabled... 
[info] i  artifactregistry: ensuring required API artifactregistry.googleapis.com is enabled... 
[debug] [2026-03-29T14:35:28.394Z] Checked if tokens are valid: true, expires at: 1774796134800
[debug] [2026-03-29T14:35:28.395Z] Checked if tokens are valid: true, expires at: 1774796134800
[debug] [2026-03-29T14:35:28.395Z] >>> [apiv2][query] GET https://firebase.googleapis.com/v1beta1/projects/flatorg-61826/adminSdkConfig [none]
[debug] [2026-03-29T14:35:28.673Z] <<< [apiv2][status] GET https://firebase.googleapis.com/v1beta1/projects/flatorg-61826/adminSdkConfig 200
[debug] [2026-03-29T14:35:28.673Z] <<< [apiv2][body] GET https://firebase.googleapis.com/v1beta1/projects/flatorg-61826/adminSdkConfig {"projectId":"flatorg-61826","storageBucket":"flatorg-61826.firebasestorage.app"}
[debug] [2026-03-29T14:35:28.674Z] Checked if tokens are valid: true, expires at: 1774796134800
[debug] [2026-03-29T14:35:28.674Z] Checked if tokens are valid: true, expires at: 1774796134800
[debug] [2026-03-29T14:35:28.674Z] >>> [apiv2][query] GET https://runtimeconfig.googleapis.com/v1beta1/projects/flatorg-61826/configs [none]
[debug] [2026-03-29T14:35:29.016Z] <<< [apiv2][status] GET https://runtimeconfig.googleapis.com/v1beta1/projects/flatorg-61826/configs 200
[debug] [2026-03-29T14:35:29.017Z] <<< [apiv2][body] GET https://runtimeconfig.googleapis.com/v1beta1/projects/flatorg-61826/configs {}
[debug] [2026-03-29T14:35:29.019Z] Customer code is not Node
[debug] [2026-03-29T14:35:29.019Z] Validating python source
[debug] [2026-03-29T14:35:29.020Z] Building python source
[info] i  functions: Loading and analyzing source code for codebase default to determine what to deploy 
[debug] [2026-03-29T14:35:29.021Z] Could not find functions.yaml. Must use http discovery
[debug] [2026-03-29T14:35:29.027Z] Running command with virtualenv: command=., args=["\"/home/lejinnie/Projects/flatorg/functions_python/venv/bin/activate\"","&&","python3.13","-c","\"import firebase_functions; import os; print(os.path.dirname(firebase_functions.__file__))\""]
[debug] [2026-03-29T14:35:29.036Z] stderr: /bin/sh: line 1: /home/lejinnie/Projects/flatorg/functions_python/venv/bin/activate: No such file or directory

[error] 
[error] Error: Failed to find location of Firebase Functions SDK: Missing virtual environment at venv directory. Did you forget to run 'python3.13 -m venv venv'?
[debug] [2026-03-29T14:37:45.129Z] ----------------------------------------------------------------------
[debug] [2026-03-29T14:37:45.132Z] Command:       /usr/local/bin/node /usr/local/bin/firebase deploy --only functions --debug
[debug] [2026-03-29T14:37:45.132Z] CLI Version:   15.12.0
[debug] [2026-03-29T14:37:45.133Z] Platform:      linux
[debug] [2026-03-29T14:37:45.133Z] Node Version:  v20.19.5
[debug] [2026-03-29T14:37:45.133Z] Time:          Sun Mar 29 2026 16:37:45 GMT+0200 (Central European Summer Time)
[debug] [2026-03-29T14:37:45.133Z] ----------------------------------------------------------------------
[debug] 
[debug] [2026-03-29T14:37:46.376Z] Object "" in "firebase.json" has unknown property: {"additionalProperty":"flutter"}
[debug] [2026-03-29T14:37:46.382Z] > command requires scopes: ["email","openid","https://www.googleapis.com/auth/cloudplatformprojects.readonly","https://www.googleapis.com/auth/firebase","https://www.googleapis.com/auth/cloud-platform"]
[debug] [2026-03-29T14:37:46.382Z] > authorizing via signed-in user (hwb33studentvillage@gmail.com)
[debug] [2026-03-29T14:37:46.383Z] [iam] checking project flatorg-61826 for permissions ["cloudfunctions.functions.create","cloudfunctions.functions.delete","cloudfunctions.functions.get","cloudfunctions.functions.list","cloudfunctions.functions.update","cloudfunctions.operations.get","firebase.projects.get"]
[debug] [2026-03-29T14:37:46.384Z] Checked if tokens are valid: true, expires at: 1774796134800
[debug] [2026-03-29T14:37:46.385Z] Checked if tokens are valid: true, expires at: 1774796134800
[debug] [2026-03-29T14:37:46.386Z] >>> [apiv2][query] POST https://cloudresourcemanager.googleapis.com/v1/projects/flatorg-61826:testIamPermissions [none]
[debug] [2026-03-29T14:37:46.386Z] >>> [apiv2][(partial)header] POST https://cloudresourcemanager.googleapis.com/v1/projects/flatorg-61826:testIamPermissions  x-goog-user-project=flatorg-61826
[debug] [2026-03-29T14:37:46.387Z] >>> [apiv2][body] POST https://cloudresourcemanager.googleapis.com/v1/projects/flatorg-61826:testIamPermissions {"permissions":["cloudfunctions.functions.create","cloudfunctions.functions.delete","cloudfunctions.functions.get","cloudfunctions.functions.list","cloudfunctions.functions.update","cloudfunctions.operations.get","firebase.projects.get"]}
[debug] [2026-03-29T14:37:47.228Z] <<< [apiv2][status] POST https://cloudresourcemanager.googleapis.com/v1/projects/flatorg-61826:testIamPermissions 200
[debug] [2026-03-29T14:37:47.228Z] <<< [apiv2][body] POST https://cloudresourcemanager.googleapis.com/v1/projects/flatorg-61826:testIamPermissions {"permissions":["cloudfunctions.functions.create","cloudfunctions.functions.delete","cloudfunctions.functions.get","cloudfunctions.functions.list","cloudfunctions.functions.update","cloudfunctions.operations.get","firebase.projects.get"]}
[debug] [2026-03-29T14:37:47.229Z] Checked if tokens are valid: true, expires at: 1774796134800
[debug] [2026-03-29T14:37:47.229Z] Checked if tokens are valid: true, expires at: 1774796134800
[debug] [2026-03-29T14:37:47.229Z] >>> [apiv2][query] POST https://iam.googleapis.com/v1/projects/flatorg-61826/serviceAccounts/flatorg-61826@appspot.gserviceaccount.com:testIamPermissions [none]
[debug] [2026-03-29T14:37:47.229Z] >>> [apiv2][body] POST https://iam.googleapis.com/v1/projects/flatorg-61826/serviceAccounts/flatorg-61826@appspot.gserviceaccount.com:testIamPermissions {"permissions":["iam.serviceAccounts.actAs"]}
[debug] [2026-03-29T14:37:47.409Z] <<< [apiv2][status] POST https://iam.googleapis.com/v1/projects/flatorg-61826/serviceAccounts/flatorg-61826@appspot.gserviceaccount.com:testIamPermissions 200
[debug] [2026-03-29T14:37:47.409Z] <<< [apiv2][body] POST https://iam.googleapis.com/v1/projects/flatorg-61826/serviceAccounts/flatorg-61826@appspot.gserviceaccount.com:testIamPermissions {"permissions":["iam.serviceAccounts.actAs"]}
[info] 
[info] === Deploying to 'flatorg-61826'...
[info] 
[info] i  deploying functions 
[debug] [2026-03-29T14:37:47.414Z] Checked if tokens are valid: true, expires at: 1774796134800
[debug] [2026-03-29T14:37:47.414Z] Checked if tokens are valid: true, expires at: 1774796134800
[debug] [2026-03-29T14:37:47.414Z] >>> [apiv2][query] GET https://cloudresourcemanager.googleapis.com/v1/projects/flatorg-61826 [none]
[debug] [2026-03-29T14:37:47.676Z] <<< [apiv2][status] GET https://cloudresourcemanager.googleapis.com/v1/projects/flatorg-61826 200
[debug] [2026-03-29T14:37:47.676Z] <<< [apiv2][body] GET https://cloudresourcemanager.googleapis.com/v1/projects/flatorg-61826 {"projectNumber":"854474953690","projectId":"flatorg-61826","lifecycleState":"ACTIVE","name":"flatorg","labels":{"firebase":"enabled","firebase-core":"disabled"},"createTime":"2026-03-28T16:18:12.815Z"}
[info] i  functions: preparing codebase default for deployment 
[info] i  functions: ensuring required API cloudfunctions.googleapis.com is enabled... 
[info] i  functions: ensuring required API cloudbuild.googleapis.com is enabled... 
[info] i  artifactregistry: ensuring required API artifactregistry.googleapis.com is enabled... 
[debug] [2026-03-29T14:37:47.679Z] Checked if tokens are valid: true, expires at: 1774796134800
[debug] [2026-03-29T14:37:47.679Z] Checked if tokens are valid: true, expires at: 1774796134800
[debug] [2026-03-29T14:37:47.679Z] >>> [apiv2][query] GET https://firebase.googleapis.com/v1beta1/projects/flatorg-61826/adminSdkConfig [none]
[debug] [2026-03-29T14:37:48.020Z] <<< [apiv2][status] GET https://firebase.googleapis.com/v1beta1/projects/flatorg-61826/adminSdkConfig 200
[debug] [2026-03-29T14:37:48.021Z] <<< [apiv2][body] GET https://firebase.googleapis.com/v1beta1/projects/flatorg-61826/adminSdkConfig {"projectId":"flatorg-61826","storageBucket":"flatorg-61826.firebasestorage.app"}
[debug] [2026-03-29T14:37:48.022Z] Checked if tokens are valid: true, expires at: 1774796134800
[debug] [2026-03-29T14:37:48.022Z] Checked if tokens are valid: true, expires at: 1774796134800
[debug] [2026-03-29T14:37:48.022Z] >>> [apiv2][query] GET https://runtimeconfig.googleapis.com/v1beta1/projects/flatorg-61826/configs [none]
[debug] [2026-03-29T14:37:48.259Z] <<< [apiv2][status] GET https://runtimeconfig.googleapis.com/v1beta1/projects/flatorg-61826/configs 200
[debug] [2026-03-29T14:37:48.259Z] <<< [apiv2][body] GET https://runtimeconfig.googleapis.com/v1beta1/projects/flatorg-61826/configs {}
[debug] [2026-03-29T14:37:48.261Z] Customer code is not Node
[debug] [2026-03-29T14:37:48.262Z] Validating python source
[debug] [2026-03-29T14:37:48.262Z] Building python source
[info] i  functions: Loading and analyzing source code for codebase default to determine what to deploy 
[debug] [2026-03-29T14:37:48.263Z] Could not find functions.yaml. Must use http discovery
[debug] [2026-03-29T14:37:48.268Z] Running command with virtualenv: command=., args=["\"/home/lejinnie/Projects/flatorg/functions_python/venv/bin/activate\"","&&","python3.13","-c","\"import firebase_functions; import os; print(os.path.dirname(firebase_functions.__file__))\""]
[debug] [2026-03-29T14:37:48.276Z] stderr: /bin/sh: line 1: /home/lejinnie/Projects/flatorg/functions_python/venv/bin/activate: No such file or directory

[error] 
[error] Error: Failed to find location of Firebase Functions SDK: Missing virtual environment at venv directory. Did you forget to run 'python3.13 -m venv venv'?
[debug] [2026-03-29T14:39:31.835Z] ----------------------------------------------------------------------
[debug] [2026-03-29T14:39:31.838Z] Command:       /usr/local/bin/node /usr/local/bin/firebase deploy --only functions --debug
[debug] [2026-03-29T14:39:31.838Z] CLI Version:   15.12.0
[debug] [2026-03-29T14:39:31.838Z] Platform:      linux
[debug] [2026-03-29T14:39:31.839Z] Node Version:  v20.19.5
[debug] [2026-03-29T14:39:31.839Z] Time:          Sun Mar 29 2026 16:39:31 GMT+0200 (Central European Summer Time)
[debug] [2026-03-29T14:39:31.839Z] ----------------------------------------------------------------------
[debug] 
[debug] [2026-03-29T14:39:32.984Z] Object "" in "firebase.json" has unknown property: {"additionalProperty":"flutter"}
[debug] [2026-03-29T14:39:32.988Z] > command requires scopes: ["email","openid","https://www.googleapis.com/auth/cloudplatformprojects.readonly","https://www.googleapis.com/auth/firebase","https://www.googleapis.com/auth/cloud-platform"]
[debug] [2026-03-29T14:39:32.989Z] > authorizing via signed-in user (hwb33studentvillage@gmail.com)
[debug] [2026-03-29T14:39:32.989Z] [iam] checking project flatorg-61826 for permissions ["cloudfunctions.functions.create","cloudfunctions.functions.delete","cloudfunctions.functions.get","cloudfunctions.functions.list","cloudfunctions.functions.update","cloudfunctions.operations.get","firebase.projects.get"]
[debug] [2026-03-29T14:39:32.990Z] Checked if tokens are valid: true, expires at: 1774796134800
[debug] [2026-03-29T14:39:32.991Z] Checked if tokens are valid: true, expires at: 1774796134800
[debug] [2026-03-29T14:39:32.992Z] >>> [apiv2][query] POST https://cloudresourcemanager.googleapis.com/v1/projects/flatorg-61826:testIamPermissions [none]
[debug] [2026-03-29T14:39:32.992Z] >>> [apiv2][(partial)header] POST https://cloudresourcemanager.googleapis.com/v1/projects/flatorg-61826:testIamPermissions  x-goog-user-project=flatorg-61826
[debug] [2026-03-29T14:39:32.992Z] >>> [apiv2][body] POST https://cloudresourcemanager.googleapis.com/v1/projects/flatorg-61826:testIamPermissions {"permissions":["cloudfunctions.functions.create","cloudfunctions.functions.delete","cloudfunctions.functions.get","cloudfunctions.functions.list","cloudfunctions.functions.update","cloudfunctions.operations.get","firebase.projects.get"]}
[debug] [2026-03-29T14:39:33.889Z] <<< [apiv2][status] POST https://cloudresourcemanager.googleapis.com/v1/projects/flatorg-61826:testIamPermissions 200
[debug] [2026-03-29T14:39:33.890Z] <<< [apiv2][body] POST https://cloudresourcemanager.googleapis.com/v1/projects/flatorg-61826:testIamPermissions {"permissions":["cloudfunctions.functions.create","cloudfunctions.functions.delete","cloudfunctions.functions.get","cloudfunctions.functions.list","cloudfunctions.functions.update","cloudfunctions.operations.get","firebase.projects.get"]}
[debug] [2026-03-29T14:39:33.891Z] Checked if tokens are valid: true, expires at: 1774796134800
[debug] [2026-03-29T14:39:33.891Z] Checked if tokens are valid: true, expires at: 1774796134800
[debug] [2026-03-29T14:39:33.892Z] >>> [apiv2][query] POST https://iam.googleapis.com/v1/projects/flatorg-61826/serviceAccounts/flatorg-61826@appspot.gserviceaccount.com:testIamPermissions [none]
[debug] [2026-03-29T14:39:33.892Z] >>> [apiv2][body] POST https://iam.googleapis.com/v1/projects/flatorg-61826/serviceAccounts/flatorg-61826@appspot.gserviceaccount.com:testIamPermissions {"permissions":["iam.serviceAccounts.actAs"]}
[debug] [2026-03-29T14:39:34.794Z] <<< [apiv2][status] POST https://iam.googleapis.com/v1/projects/flatorg-61826/serviceAccounts/flatorg-61826@appspot.gserviceaccount.com:testIamPermissions 200
[debug] [2026-03-29T14:39:34.794Z] <<< [apiv2][body] POST https://iam.googleapis.com/v1/projects/flatorg-61826/serviceAccounts/flatorg-61826@appspot.gserviceaccount.com:testIamPermissions {"permissions":["iam.serviceAccounts.actAs"]}
[info] 
[info] === Deploying to 'flatorg-61826'...
[info] 
[info] i  deploying functions 
[debug] [2026-03-29T14:39:34.798Z] Checked if tokens are valid: true, expires at: 1774796134800
[debug] [2026-03-29T14:39:34.798Z] Checked if tokens are valid: true, expires at: 1774796134800
[debug] [2026-03-29T14:39:34.799Z] >>> [apiv2][query] GET https://cloudresourcemanager.googleapis.com/v1/projects/flatorg-61826 [none]
[debug] [2026-03-29T14:39:35.023Z] <<< [apiv2][status] GET https://cloudresourcemanager.googleapis.com/v1/projects/flatorg-61826 200
[debug] [2026-03-29T14:39:35.023Z] <<< [apiv2][body] GET https://cloudresourcemanager.googleapis.com/v1/projects/flatorg-61826 {"projectNumber":"854474953690","projectId":"flatorg-61826","lifecycleState":"ACTIVE","name":"flatorg","labels":{"firebase":"enabled","firebase-core":"disabled"},"createTime":"2026-03-28T16:18:12.815Z"}
[info] i  functions: preparing codebase default for deployment 
[info] i  functions: ensuring required API cloudfunctions.googleapis.com is enabled... 
[info] i  functions: ensuring required API cloudbuild.googleapis.com is enabled... 
[info] i  artifactregistry: ensuring required API artifactregistry.googleapis.com is enabled... 
[debug] [2026-03-29T14:39:35.026Z] Checked if tokens are valid: true, expires at: 1774796134800
[debug] [2026-03-29T14:39:35.027Z] Checked if tokens are valid: true, expires at: 1774796134800
[debug] [2026-03-29T14:39:35.027Z] >>> [apiv2][query] GET https://firebase.googleapis.com/v1beta1/projects/flatorg-61826/adminSdkConfig [none]
[debug] [2026-03-29T14:39:35.369Z] <<< [apiv2][status] GET https://firebase.googleapis.com/v1beta1/projects/flatorg-61826/adminSdkConfig 200
[debug] [2026-03-29T14:39:35.370Z] <<< [apiv2][body] GET https://firebase.googleapis.com/v1beta1/projects/flatorg-61826/adminSdkConfig {"projectId":"flatorg-61826","storageBucket":"flatorg-61826.firebasestorage.app"}
[debug] [2026-03-29T14:39:35.370Z] Checked if tokens are valid: true, expires at: 1774796134800
[debug] [2026-03-29T14:39:35.370Z] Checked if tokens are valid: true, expires at: 1774796134800
[debug] [2026-03-29T14:39:35.371Z] >>> [apiv2][query] GET https://runtimeconfig.googleapis.com/v1beta1/projects/flatorg-61826/configs [none]
[debug] [2026-03-29T14:39:35.712Z] <<< [apiv2][status] GET https://runtimeconfig.googleapis.com/v1beta1/projects/flatorg-61826/configs 200
[debug] [2026-03-29T14:39:35.713Z] <<< [apiv2][body] GET https://runtimeconfig.googleapis.com/v1beta1/projects/flatorg-61826/configs {}
[debug] [2026-03-29T14:39:35.715Z] Customer code is not Node
[debug] [2026-03-29T14:39:35.716Z] Validating python source
[debug] [2026-03-29T14:39:35.716Z] Building python source
[info] i  functions: Loading and analyzing source code for codebase default to determine what to deploy 
[debug] [2026-03-29T14:39:35.717Z] Could not find functions.yaml. Must use http discovery
[debug] [2026-03-29T14:39:35.723Z] Running command with virtualenv: command=., args=["\"/home/lejinnie/Projects/flatorg/functions_python/venv/bin/activate\"","&&","python3.13","-c","\"import firebase_functions; import os; print(os.path.dirname(firebase_functions.__file__))\""]
[debug] [2026-03-29T14:39:35.733Z] stderr: /bin/sh: line 1: /home/lejinnie/Projects/flatorg/functions_python/venv/bin/activate: No such file or directory

[error] 
[error] Error: Failed to find location of Firebase Functions SDK: Missing virtual environment at venv directory. Did you forget to run 'python3.13 -m venv venv'?
[debug] [2026-03-29T14:41:05.990Z] ----------------------------------------------------------------------
[debug] [2026-03-29T14:41:05.993Z] Command:       /usr/local/bin/node /usr/local/bin/firebase deploy --only functions --debug
[debug] [2026-03-29T14:41:05.994Z] CLI Version:   15.12.0
[debug] [2026-03-29T14:41:05.994Z] Platform:      linux
[debug] [2026-03-29T14:41:05.994Z] Node Version:  v20.19.5
[debug] [2026-03-29T14:41:05.994Z] Time:          Sun Mar 29 2026 16:41:05 GMT+0200 (Central European Summer Time)
[debug] [2026-03-29T14:41:05.995Z] ----------------------------------------------------------------------
[debug] 
[debug] [2026-03-29T14:41:07.189Z] Object "" in "firebase.json" has unknown property: {"additionalProperty":"flutter"}
[debug] [2026-03-29T14:41:07.194Z] > command requires scopes: ["email","openid","https://www.googleapis.com/auth/cloudplatformprojects.readonly","https://www.googleapis.com/auth/firebase","https://www.googleapis.com/auth/cloud-platform"]
[debug] [2026-03-29T14:41:07.195Z] > authorizing via signed-in user (hwb33studentvillage@gmail.com)
[debug] [2026-03-29T14:41:07.195Z] [iam] checking project flatorg-61826 for permissions ["cloudfunctions.functions.create","cloudfunctions.functions.delete","cloudfunctions.functions.get","cloudfunctions.functions.list","cloudfunctions.functions.update","cloudfunctions.operations.get","firebase.projects.get"]
[debug] [2026-03-29T14:41:07.197Z] Checked if tokens are valid: false, expires at: 1774796134800
[debug] [2026-03-29T14:41:07.197Z] Checked if tokens are valid: false, expires at: 1774796134800
[debug] [2026-03-29T14:41:07.198Z] > refreshing access token with scopes: []
[debug] [2026-03-29T14:41:07.200Z] >>> [apiv2][query] POST https://www.googleapis.com/oauth2/v3/token [none]
[debug] [2026-03-29T14:41:07.200Z] >>> [apiv2][body] POST https://www.googleapis.com/oauth2/v3/token [omitted]
[debug] [2026-03-29T14:41:07.330Z] <<< [apiv2][status] POST https://www.googleapis.com/oauth2/v3/token 200
[debug] [2026-03-29T14:41:07.331Z] <<< [apiv2][body] POST https://www.googleapis.com/oauth2/v3/token [omitted]
[debug] [2026-03-29T14:41:07.343Z] >>> [apiv2][query] POST https://cloudresourcemanager.googleapis.com/v1/projects/flatorg-61826:testIamPermissions [none]
[debug] [2026-03-29T14:41:07.343Z] >>> [apiv2][(partial)header] POST https://cloudresourcemanager.googleapis.com/v1/projects/flatorg-61826:testIamPermissions  x-goog-user-project=flatorg-61826
[debug] [2026-03-29T14:41:07.344Z] >>> [apiv2][body] POST https://cloudresourcemanager.googleapis.com/v1/projects/flatorg-61826:testIamPermissions {"permissions":["cloudfunctions.functions.create","cloudfunctions.functions.delete","cloudfunctions.functions.get","cloudfunctions.functions.list","cloudfunctions.functions.update","cloudfunctions.operations.get","firebase.projects.get"]}
[debug] [2026-03-29T14:41:08.153Z] <<< [apiv2][status] POST https://cloudresourcemanager.googleapis.com/v1/projects/flatorg-61826:testIamPermissions 200
[debug] [2026-03-29T14:41:08.153Z] <<< [apiv2][body] POST https://cloudresourcemanager.googleapis.com/v1/projects/flatorg-61826:testIamPermissions {"permissions":["cloudfunctions.functions.create","cloudfunctions.functions.delete","cloudfunctions.functions.get","cloudfunctions.functions.list","cloudfunctions.functions.update","cloudfunctions.operations.get","firebase.projects.get"]}
[debug] [2026-03-29T14:41:08.154Z] Checked if tokens are valid: true, expires at: 1774798866331
[debug] [2026-03-29T14:41:08.154Z] Checked if tokens are valid: true, expires at: 1774798866331
[debug] [2026-03-29T14:41:08.155Z] >>> [apiv2][query] POST https://iam.googleapis.com/v1/projects/flatorg-61826/serviceAccounts/flatorg-61826@appspot.gserviceaccount.com:testIamPermissions [none]
[debug] [2026-03-29T14:41:08.155Z] >>> [apiv2][body] POST https://iam.googleapis.com/v1/projects/flatorg-61826/serviceAccounts/flatorg-61826@appspot.gserviceaccount.com:testIamPermissions {"permissions":["iam.serviceAccounts.actAs"]}
[debug] [2026-03-29T14:41:08.955Z] <<< [apiv2][status] POST https://iam.googleapis.com/v1/projects/flatorg-61826/serviceAccounts/flatorg-61826@appspot.gserviceaccount.com:testIamPermissions 200
[debug] [2026-03-29T14:41:08.955Z] <<< [apiv2][body] POST https://iam.googleapis.com/v1/projects/flatorg-61826/serviceAccounts/flatorg-61826@appspot.gserviceaccount.com:testIamPermissions {"permissions":["iam.serviceAccounts.actAs"]}
[info] 
[info] === Deploying to 'flatorg-61826'...
[info] 
[info] i  deploying functions 
[debug] [2026-03-29T14:41:08.960Z] Checked if tokens are valid: true, expires at: 1774798866331
[debug] [2026-03-29T14:41:08.960Z] Checked if tokens are valid: true, expires at: 1774798866331
[debug] [2026-03-29T14:41:08.960Z] >>> [apiv2][query] GET https://cloudresourcemanager.googleapis.com/v1/projects/flatorg-61826 [none]
[debug] [2026-03-29T14:41:09.184Z] <<< [apiv2][status] GET https://cloudresourcemanager.googleapis.com/v1/projects/flatorg-61826 200
[debug] [2026-03-29T14:41:09.185Z] <<< [apiv2][body] GET https://cloudresourcemanager.googleapis.com/v1/projects/flatorg-61826 {"projectNumber":"854474953690","projectId":"flatorg-61826","lifecycleState":"ACTIVE","name":"flatorg","labels":{"firebase":"enabled","firebase-core":"disabled"},"createTime":"2026-03-28T16:18:12.815Z"}
[info] i  functions: preparing codebase default for deployment 
[info] i  functions: ensuring required API cloudfunctions.googleapis.com is enabled... 
[info] i  functions: ensuring required API cloudbuild.googleapis.com is enabled... 
[info] i  artifactregistry: ensuring required API artifactregistry.googleapis.com is enabled... 
[debug] [2026-03-29T14:41:09.188Z] Checked if tokens are valid: true, expires at: 1774798866331
[debug] [2026-03-29T14:41:09.188Z] Checked if tokens are valid: true, expires at: 1774798866331
[debug] [2026-03-29T14:41:09.188Z] >>> [apiv2][query] GET https://firebase.googleapis.com/v1beta1/projects/flatorg-61826/adminSdkConfig [none]
[debug] [2026-03-29T14:41:09.989Z] <<< [apiv2][status] GET https://firebase.googleapis.com/v1beta1/projects/flatorg-61826/adminSdkConfig 200
[debug] [2026-03-29T14:41:09.989Z] <<< [apiv2][body] GET https://firebase.googleapis.com/v1beta1/projects/flatorg-61826/adminSdkConfig {"projectId":"flatorg-61826","storageBucket":"flatorg-61826.firebasestorage.app"}
[debug] [2026-03-29T14:41:09.990Z] Checked if tokens are valid: true, expires at: 1774798866331
[debug] [2026-03-29T14:41:09.990Z] Checked if tokens are valid: true, expires at: 1774798866331
[debug] [2026-03-29T14:41:09.991Z] >>> [apiv2][query] GET https://runtimeconfig.googleapis.com/v1beta1/projects/flatorg-61826/configs [none]
[debug] [2026-03-29T14:41:10.201Z] <<< [apiv2][status] GET https://runtimeconfig.googleapis.com/v1beta1/projects/flatorg-61826/configs 200
[debug] [2026-03-29T14:41:10.201Z] <<< [apiv2][body] GET https://runtimeconfig.googleapis.com/v1beta1/projects/flatorg-61826/configs {}
[debug] [2026-03-29T14:41:10.203Z] Customer code is not Node
[debug] [2026-03-29T14:41:10.204Z] Validating python source
[debug] [2026-03-29T14:41:10.204Z] Building python source
[info] i  functions: Loading and analyzing source code for codebase default to determine what to deploy 
[debug] [2026-03-29T14:41:10.205Z] Could not find functions.yaml. Must use http discovery
[debug] [2026-03-29T14:41:10.210Z] Running command with virtualenv: command=., args=["\"/home/lejinnie/Projects/flatorg/functions_python/venv/bin/activate\"","&&","python3.13","-c","\"import firebase_functions; import os; print(os.path.dirname(firebase_functions.__file__))\""]
[debug] [2026-03-29T14:41:10.259Z] stderr: Traceback (most recent call last):

[debug] [2026-03-29T14:41:10.263Z] stderr:   File "<string>", line 1, in <module>
    import firebase_functions; import os; print(os.path.dirname(firebase_functions.__file__))
    ^^^^^^^^^^^^^^^^^^^^^^^^^
ModuleNotFoundError: No module named 'firebase_functions'

[error] 
[error] Error: Failed to find location of Firebase Functions SDK. Did you forget to run '. "/home/lejinnie/Projects/flatorg/functions_python/venv/bin/activate" && python3.13 -m pip install -r requirements.txt'?
